<?xml version="1.0" encoding="UTF-8"?>
<!-- Generated by org.testng.reporters.JUnitReportReporter -->
<testsuite hostname="Sanju" failures="0" tests="1" name="Module1_login_Test.SwagLabsLoginTest" time="13.374" errors="0" timestamp="2024-07-15T20:19:22 IST" skipped="0">
  <testcase classname="Module1_login_Test.SwagLabsLoginTest" name="verifyLogo" time="13.374"/>
  <system-out/>
</testsuite> <!-- Module1_login_Test.SwagLabsLoginTest -->
